[ 2021-04-19T18:39:49+08:00 ] 0.0.0.0 /dp_test/index.php?g=Index&m=Index&a=salveResult
INFO: [ app_begin ] --START--
INFO: ReadHtmlCache Behavior ::run [ RunTime:0.001007s ]
INFO: [ app_begin ] --END-- [ RunTime:0.003798s ]
NOTIC: [8] Undefined index: fileName D:\php\dp_test\webs\Lib\Action\Index\IndexAction.class.php 第 74 行.
NOTIC: [8] Undefined index: seriesNumber D:\php\dp_test\webs\Lib\Action\Index\IndexAction.class.php 第 75 行.
NOTIC: [8] Undefined index: maxWeight D:\php\dp_test\webs\Lib\Action\Index\IndexAction.class.php 第 76 行.
ERR: 模板不存在[./webs/Tpl/Index/Default/./Public/skip/error.html.html]

[ 2021-04-19T18:40:19+08:00 ] 0.0.0.0 /dp_test/index.php?g=Index&m=Index&a=sort
INFO: [ app_begin ] --START--
INFO: ReadHtmlCache Behavior ::run [ RunTime:0.001189s ]
INFO: [ app_begin ] --END-- [ RunTime:0.001266s ]
INFO: [ view_parse ] --START--
NOTIC: [8] Undefined variable: result_data D:\php\dp_test\webs\Runtime\Cache\Index\588dfec19792cb56c450108e4b76b7de.php 第 147 行.
INFO: ParseTemplate Behavior ::run [ RunTime:0.029027s ]
INFO: [ view_parse ] --END-- [ RunTime:0.029084s ]
INFO: [ view_filter ] --START--
INFO: ContentReplace Behavior ::run [ RunTime:0.000572s ]
INFO: TokenBuild Behavior ::run [ RunTime:0.000524s ]
INFO: WriteHtmlCache Behavior ::run [ RunTime:0.000444s ]
INFO: ShowRuntime Behavior ::run [ RunTime:0.000534s ]
INFO: [ view_filter ] --END-- [ RunTime:0.002180s ]
INFO: [ view_end ] --START--
INFO: ShowPageTrace Behavior ::run [ RunTime:0.000806s ]
INFO: [ view_end ] --END-- [ RunTime:0.000879s ]

[ 2021-04-19T18:40:27+08:00 ] 0.0.0.0 /dp_test/index.php?g=Index&m=Index&a=sortResult
INFO: [ app_begin ] --START--
INFO: ReadHtmlCache Behavior ::run [ RunTime:0.000853s ]
INFO: [ app_begin ] --END-- [ RunTime:0.000903s ]
INFO: [ view_parse ] --START--
INFO: ParseTemplate Behavior ::run [ RunTime:0.010603s ]
INFO: [ view_parse ] --END-- [ RunTime:0.010653s ]
INFO: [ view_filter ] --START--
INFO: ContentReplace Behavior ::run [ RunTime:0.000609s ]
INFO: TokenBuild Behavior ::run [ RunTime:0.000462s ]
INFO: WriteHtmlCache Behavior ::run [ RunTime:0.000385s ]
INFO: ShowRuntime Behavior ::run [ RunTime:0.000469s ]
INFO: [ view_filter ] --END-- [ RunTime:0.002022s ]
INFO: [ view_end ] --START--
INFO: ShowPageTrace Behavior ::run [ RunTime:0.000574s ]
INFO: [ view_end ] --END-- [ RunTime:0.000605s ]

[ 2021-04-19T18:40:35+08:00 ] 0.0.0.0 /dp_test/index.php?g=Index&m=Index&a=sortResult
INFO: [ app_begin ] --START--
INFO: ReadHtmlCache Behavior ::run [ RunTime:0.000761s ]
INFO: [ app_begin ] --END-- [ RunTime:0.000838s ]
INFO: [ view_parse ] --START--
INFO: ParseTemplate Behavior ::run [ RunTime:0.012092s ]
INFO: [ view_parse ] --END-- [ RunTime:0.012140s ]
INFO: [ view_filter ] --START--
INFO: ContentReplace Behavior ::run [ RunTime:0.000763s ]
INFO: TokenBuild Behavior ::run [ RunTime:0.000444s ]
INFO: WriteHtmlCache Behavior ::run [ RunTime:0.000428s ]
INFO: ShowRuntime Behavior ::run [ RunTime:0.000516s ]
INFO: [ view_filter ] --END-- [ RunTime:0.002239s ]
INFO: [ view_end ] --START--
INFO: ShowPageTrace Behavior ::run [ RunTime:0.000687s ]
INFO: [ view_end ] --END-- [ RunTime:0.000719s ]

